<?xml version="1.0" encoding="UTF-8"?>
<!-- Generated by org.testng.reporters.JUnitXMLReporter -->
<testsuite hostname="DOLebedev" name="Default test" tests="3" failures="0" timestamp="23 Jul 2015 05:42:12 GMT" time="0.037" errors="0">
  <testcase name="testMethodOne" time="0.015" classname="test.groups.TestGroup"/>
  <testcase name="testMethodThree" time="0.001" classname="test.groups.TestGroup"/>
  <testcase name="testMethodTwo" time="0.001" classname="test.groups.TestGroup"/>
</testsuite> <!-- Default test -->
