<?xml version="1.0" encoding="UTF-8"?>
<!-- Generated by org.testng.reporters.JUnitXMLReporter -->
<testsuite hostname="DOLebedev" name="test 1" tests="4" failures="0" timestamp="28 Jul 2015 06:00:51 GMT" time="0.04" errors="0">
  <testcase name="testMethodOne" time="0.007" classname="test.parallelism.SampleTestClassOne"/>
  <testcase name="testMethodOne" time="0.007" classname="test.parallelism.SampleClassTwo"/>
  <testcase name="testMethodTwo" time="0.001" classname="test.parallelism.SampleClassTwo"/>
  <testcase name="testMethodTwo" time="0.001" classname="test.parallelism.SampleTestClassOne"/>
</testsuite> <!-- test 1 -->
