<?xml version="1.0" encoding="UTF-8"?>
<testng-results skipped="0" failed="0" total="3" passed="3">
  <reporter-output>
  </reporter-output>
  <suite name="Suit-1" duration-ms="73" started-at="2015-07-16T17:25:57Z" finished-at="2015-07-16T17:25:57Z">
    <groups>
    </groups>
    <test name="One Test" duration-ms="33" started-at="2015-07-16T17:25:57Z" finished-at="2015-07-16T17:25:57Z">
      <class name="test.FirstTest">
        <test-method status="PASS" signature="firstText()[pri:0, instance:test.FirstTest@1ef7fe8e]" name="firstText" duration-ms="14" started-at="2015-07-16T20:25:57Z" finished-at="2015-07-16T20:25:57Z">
          <reporter-output>
          </reporter-output>
        </test-method> <!-- firstText -->
      </class> <!-- test.FirstTest -->
      <class name="test.SecondClass">
        <test-method status="PASS" signature="secondTest()[pri:0, instance:test.SecondClass@629f0666]" name="secondTest" duration-ms="1" started-at="2015-07-16T20:25:57Z" finished-at="2015-07-16T20:25:57Z">
          <reporter-output>
          </reporter-output>
        </test-method> <!-- secondTest -->
      </class> <!-- test.SecondClass -->
    </test> <!-- One Test -->
    <test name="ThirdTest" duration-ms="2" started-at="2015-07-16T17:25:57Z" finished-at="2015-07-16T17:25:57Z">
      <class name="test.ThirdClass">
        <test-method status="PASS" signature="ThirdTest()[pri:0, instance:test.ThirdClass@445b84c0]" name="ThirdTest" duration-ms="0" started-at="2015-07-16T20:25:57Z" finished-at="2015-07-16T20:25:57Z">
          <reporter-output>
          </reporter-output>
        </test-method> <!-- ThirdTest -->
      </class> <!-- test.ThirdClass -->
    </test> <!-- ThirdTest -->
  </suite> <!-- Suit-1 -->
</testng-results>
