<?xml version="1.0" encoding="UTF-8"?>
<testng-results skipped="0" failed="0" total="4" passed="4">
  <reporter-output>
  </reporter-output>
  <suite name="Faactory suite" duration-ms="40" started-at="2015-07-27T17:21:42Z" finished-at="2015-07-27T17:21:42Z">
    <groups>
    </groups>
    <test name="First Factory test" duration-ms="40" started-at="2015-07-27T17:21:42Z" finished-at="2015-07-27T17:21:42Z">
      <class name="test.classes.DependencyTest">
        <test-method status="PASS" signature="testMethodTwo()[pri:0, instance:test.classes.DependencyTest@73035e27]" name="testMethodTwo" duration-ms="14" started-at="2015-07-27T20:21:42Z" finished-at="2015-07-27T20:21:42Z">
          <reporter-output>
          </reporter-output>
        </test-method> <!-- testMethodTwo -->
        <test-method status="PASS" signature="testMethodTwo()[pri:0, instance:test.classes.DependencyTest@f5f2bb7]" name="testMethodTwo" duration-ms="1" started-at="2015-07-27T20:21:42Z" finished-at="2015-07-27T20:21:42Z">
          <reporter-output>
          </reporter-output>
        </test-method> <!-- testMethodTwo -->
        <test-method status="PASS" signature="testMethodOne()[pri:0, instance:test.classes.DependencyTest@73035e27]" name="testMethodOne" duration-ms="0" started-at="2015-07-27T20:21:42Z" depends-on-methods="test.classes.DependencyTest.testMethodTwo" finished-at="2015-07-27T20:21:42Z">
          <reporter-output>
          </reporter-output>
        </test-method> <!-- testMethodOne -->
        <test-method status="PASS" signature="testMethodOne()[pri:0, instance:test.classes.DependencyTest@f5f2bb7]" name="testMethodOne" duration-ms="0" started-at="2015-07-27T20:21:42Z" depends-on-methods="test.classes.DependencyTest.testMethodTwo" finished-at="2015-07-27T20:21:42Z">
          <reporter-output>
          </reporter-output>
        </test-method> <!-- testMethodOne -->
      </class> <!-- test.classes.DependencyTest -->
    </test> <!-- First Factory test -->
  </suite> <!-- Faactory suite -->
</testng-results>
