<?xml version="1.0" encoding="UTF-8"?>
<!-- Generated by org.testng.reporters.JUnitXMLReporter -->
<testsuite hostname="DOLebedev" name="First Factory test" tests="4" failures="0" timestamp="27 Jul 2015 17:21:42 GMT" time="0.04" errors="0">
  <testcase name="testMethodTwo" time="0.014" classname="test.classes.DependencyTest"/>
  <testcase name="testMethodTwo" time="0.001" classname="test.classes.DependencyTest"/>
  <testcase name="testMethodOne" time="0.0" classname="test.classes.DependencyTest"/>
  <testcase name="testMethodOne" time="0.0" classname="test.classes.DependencyTest"/>
</testsuite> <!-- First Factory test -->
