<?xml version="1.0" encoding="UTF-8"?>
<!-- Generated by org.testng.reporters.JUnitXMLReporter -->
<testsuite hostname="DOLebedev" name="Default test" tests="3" failures="0" timestamp="24 Jul 2015 05:32:06 GMT" time="0.035" errors="0">
  <testcase name="testThree" time="0.013" classname="test.depends.groups.SimpleGroupDependency"/>
  <testcase name="testTwo" time="0.0" classname="test.depends.groups.SimpleGroupDependency"/>
  <testcase name="testOne" time="0.0" classname="test.depends.groups.SimpleGroupDependency"/>
</testsuite> <!-- Default test -->
