<?xml version="1.0" encoding="UTF-8"?>
<!-- Generated by org.testng.reporters.JUnitXMLReporter -->
<testsuite hostname="DOLebedev" name="First test" tests="6" failures="0" timestamp="24 Jul 2015 05:55:46 GMT" time="0.039" errors="0">
  <testcase name="testThree" time="0.013" classname="test.depends.groups.DifferentClassDependency"/>
  <testcase name="testTwo" time="0.001" classname="test.depends.groups.DifferentClassDependency"/>
  <testcase name="testThree" time="0.0" classname="test.depends.groups.SimpleGroupDependency"/>
  <testcase name="testTwo" time="0.001" classname="test.depends.groups.SimpleGroupDependency"/>
  <testcase name="testOne" time="0.0" classname="test.depends.groups.DifferentClassDependency"/>
  <testcase name="testOne" time="0.001" classname="test.depends.groups.SimpleGroupDependency"/>
</testsuite> <!-- First test -->
