<?xml version="1.0" encoding="UTF-8"?>
<!-- Generated by org.testng.reporters.JUnitXMLReporter -->
<testsuite hostname="DOLebedev" name="One" tests="3" failures="0" timestamp="27 Jul 2015 15:46:04 GMT" time="0.033" errors="0">
  <testcase name="testThree" time="0.012" classname="test.depends.groups.MultiGroupXmlDependency"/>
  <testcase name="testTwo" time="0.001" classname="test.depends.groups.MultiGroupXmlDependency"/>
  <testcase name="testOne" time="0.001" classname="test.depends.groups.MultiGroupXmlDependency"/>
</testsuite> <!-- One -->
