<?xml version="1.0" encoding="UTF-8"?>
<testng-results skipped="0" failed="0" total="3" passed="3">
  <reporter-output>
  </reporter-output>
  <suite name="Suite 1" duration-ms="33" started-at="2015-07-27T15:46:04Z" finished-at="2015-07-27T15:46:04Z">
    <groups>
      <group name="test-group-two">
        <method signature="MultiGroupXmlDependency.testThree()[pri:0, instance:test.depends.groups.MultiGroupXmlDependency@4c75cab9]" name="testThree" class="test.depends.groups.MultiGroupXmlDependency"/>
      </group> <!-- test-group-two -->
      <group name="dependent-group">
        <method signature="MultiGroupXmlDependency.testOne()[pri:0, instance:test.depends.groups.MultiGroupXmlDependency@4c75cab9]" name="testOne" class="test.depends.groups.MultiGroupXmlDependency"/>
      </group> <!-- dependent-group -->
      <group name="test-group-one">
        <method signature="MultiGroupXmlDependency.testTwo()[pri:0, instance:test.depends.groups.MultiGroupXmlDependency@4c75cab9]" name="testTwo" class="test.depends.groups.MultiGroupXmlDependency"/>
      </group> <!-- test-group-one -->
    </groups>
    <test name="One" duration-ms="33" started-at="2015-07-27T15:46:04Z" finished-at="2015-07-27T15:46:04Z">
      <class name="test.depends.groups.MultiGroupXmlDependency">
        <test-method status="PASS" signature="testThree()[pri:0, instance:test.depends.groups.MultiGroupXmlDependency@4c75cab9]" name="testThree" duration-ms="12" started-at="2015-07-27T18:46:04Z" finished-at="2015-07-27T18:46:04Z">
          <reporter-output>
          </reporter-output>
        </test-method> <!-- testThree -->
        <test-method status="PASS" signature="testTwo()[pri:0, instance:test.depends.groups.MultiGroupXmlDependency@4c75cab9]" name="testTwo" duration-ms="1" started-at="2015-07-27T18:46:04Z" finished-at="2015-07-27T18:46:04Z">
          <reporter-output>
          </reporter-output>
        </test-method> <!-- testTwo -->
        <test-method status="PASS" signature="testOne()[pri:0, instance:test.depends.groups.MultiGroupXmlDependency@4c75cab9]" name="testOne" duration-ms="1" depends-on-groups="test-group-two, test-group-one" started-at="2015-07-27T18:46:04Z" finished-at="2015-07-27T18:46:04Z">
          <reporter-output>
          </reporter-output>
        </test-method> <!-- testOne -->
      </class> <!-- test.depends.groups.MultiGroupXmlDependency -->
    </test> <!-- One -->
  </suite> <!-- Suite 1 -->
</testng-results>
