<?xml version="1.0" encoding="UTF-8"?>
<!-- Generated by org.testng.reporters.JUnitXMLReporter -->
<testsuite hostname="DOLebedev" name="Test" tests="3" failures="0" timestamp="16 Jul 2015 17:40:41 GMT" time="0.037" errors="0">
  <testcase name="firstTest" time="0.015" classname="test.firstpackage.FirstTestClass"/>
  <testcase name="firstTest" time="0.001" classname="test.second.FirstTestClass"/>
  <testcase name="firstTest" time="0.001" classname="thirdpackage.FirstTestClass"/>
</testsuite> <!-- Test -->
