<?xml version="1.0" encoding="UTF-8"?>
<testng-results skipped="0" failed="0" total="2" passed="2">
  <reporter-output>
  </reporter-output>
  <suite name="Different Class test Suite" duration-ms="35" started-at="2015-07-21T15:58:47Z" finished-at="2015-07-21T15:58:47Z">
    <groups>
    </groups>
    <test name="Different class" duration-ms="35" started-at="2015-07-21T15:58:47Z" finished-at="2015-07-21T15:58:47Z">
      <class name="test.dataprovider.TestClass">
        <test-method status="PASS" signature="testMethod(java.lang.String)[pri:0, instance:test.dataprovider.TestClass@de0a01f]" name="testMethod" duration-ms="11" started-at="2015-07-21T18:58:47Z" data-provider="data-provider" finished-at="2015-07-21T18:58:47Z">
          <params>
            <param index="0">
              <value>
                <![CDATA[data one]]>
              </value>
            </param>
          </params>
          <reporter-output>
          </reporter-output>
        </test-method> <!-- testMethod -->
        <test-method status="PASS" signature="testMethod(java.lang.String)[pri:0, instance:test.dataprovider.TestClass@de0a01f]" name="testMethod" duration-ms="1" started-at="2015-07-21T18:58:47Z" data-provider="data-provider" finished-at="2015-07-21T18:58:47Z">
          <params>
            <param index="0">
              <value>
                <![CDATA[data two]]>
              </value>
            </param>
          </params>
          <reporter-output>
          </reporter-output>
        </test-method> <!-- testMethod -->
      </class> <!-- test.dataprovider.TestClass -->
    </test> <!-- Different class -->
  </suite> <!-- Different Class test Suite -->
</testng-results>
