<?xml version="1.0" encoding="UTF-8"?>
<!-- Generated by org.testng.reporters.JUnitXMLReporter -->
<testsuite hostname="DOLebedev" name="Test Include group" tests="3" failures="0" timestamp="23 Jul 2015 11:03:27 GMT" time="0.033" errors="0">
  <testcase name="testMethodOne" time="0.011" classname="test.groups.ExcludeGroup"/>
  <testcase name="testMethodThree" time="0.0" classname="test.groups.ExcludeGroup"/>
  <testcase name="testMethodTwo" time="0.001" classname="test.groups.ExcludeGroup"/>
</testsuite> <!-- Test Include group -->
