<?xml version="1.0" encoding="UTF-8"?>
<!-- Generated by org.testng.reporters.JUnitXMLReporter -->
<testsuite hostname="DOLebedev" name="Test" tests="3" failures="0" timestamp="24 Jul 2015 06:41:28 GMT" time="0.034" errors="0">
  <testcase name="testThree" time="0.011" classname="test.depends.SimpleXmlDependency"/>
  <testcase name="testTwo" time="0.001" classname="test.depends.SimpleXmlDependency"/>
  <testcase name="testOne" time="0.001" classname="test.depends.SimpleXmlDependency"/>
</testsuite> <!-- Test -->
