<?xml version="1.0" encoding="UTF-8"?>
<!-- Generated by org.testng.reporters.JUnitXMLReporter -->
<testsuite hostname="DOLebedev" name="One test" tests="3" failures="0" timestamp="23 Jul 2015 10:09:35 GMT" time="0.032" errors="0">
  <testcase name="testMethodOne" time="0.01" classname="test.groups.MultiGroup"/>
  <testcase name="testMethodThree" time="0.001" classname="test.groups.MultiGroup"/>
  <testcase name="testMethodTwo" time="0.001" classname="test.groups.MultiGroup"/>
</testsuite> <!-- One test -->
