<?xml version="1.0" encoding="UTF-8"?>
<!-- Generated by org.testng.reporters.JUnitXMLReporter -->
<testsuite hostname="DOLebedev" name="DataProvoder Test" tests="4" failures="0" timestamp="21 Jul 2015 05:49:58 GMT" time="0.038" errors="0">
  <testcase name="testMethod" time="0.012" classname="test.dataprovider.SameClaseDataProvider"/>
  <testcase name="testMethod" time="0.001" classname="test.dataprovider.SameClaseDataProvider"/>
  <testcase name="testMethod" time="0.0" classname="test.dataprovider.SameClaseDataProvider"/>
  <testcase name="testMethod" time="0.001" classname="test.dataprovider.SameClaseDataProvider"/>
</testsuite> <!-- DataProvoder Test -->
