<?xml version="1.0" encoding="UTF-8"?>
<!-- Generated by org.testng.reporters.JUnitXMLReporter -->
<testsuite hostname="DOLebedev" name="Login test to PDC" tests="3" failures="0" timestamp="31 Aug 2015 16:46:29 GMT" time="0.066" errors="0">
  <testcase name="@BeforeTest CreateWebDriver" time="0.0" classname="test.Test1">
    <failure type="java.lang.NoClassDefFoundError" message="com/google/common/base/Function">
      <![CDATA[java.lang.NoClassDefFoundError: com/google/common/base/Function
	at test.Test1.CreateWebDriver(Test1.java:15)
Caused by: java.lang.ClassNotFoundException: com.google.common.base.Function
	at java.net.URLClassLoader.findClass(Unknown Source)
	at java.lang.ClassLoader.loadClass(Unknown Source)
	at sun.misc.Launcher$AppClassLoader.loadClass(Unknown Source)
	at java.lang.ClassLoader.loadClass(Unknown Source)
	... 23 more
... Removed 22 stack frames]]>
    </failure>
  </testcase> <!-- @BeforeTest CreateWebDriver -->
  <testcase name="@AfterClass After" time="0.0" classname="test.Test1">
    <skipped/>
  </testcase> <!-- @AfterClass After -->
  <testcase name="test1" time="0.001" classname="test.Test1">
    <skipped/>
  </testcase> <!-- test1 -->
  <testcase name="test2" time="0.001" classname="test.Test1">
    <skipped/>
  </testcase> <!-- test2 -->
  <testcase name="test3" time="0.001" classname="test.Test1">
    <skipped/>
  </testcase> <!-- test3 -->
</testsuite> <!-- Login test to PDC -->
