<?xml version="1.0" encoding="UTF-8"?>
<!-- Generated by org.testng.reporters.JUnitXMLReporter -->
<testsuite hostname="DOLebedev" name="parameter test 3" tests="3" failures="0" timestamp="21 Jul 2015 05:19:13 GMT" time="0.005" errors="0">
  <testcase name="parameterTestOne" time="0.001" classname="test.ParameterTest"/>
  <testcase name="parameterTestThree" time="0.0" classname="test.ParameterTest"/>
  <testcase name="parametertestTwo" time="0.0" classname="test.ParameterTest">
    <skipped/>
  </testcase> <!-- parametertestTwo -->
</testsuite> <!-- parameter test 3 -->
